[ 2016-05-16T22:50:28+08:00 ] 127.0.0.1 /interview/index.php/Admin/index/index
INFO: [ app_init ] --START--
INFO: Run Behavior\BuildLiteBehavior [ RunTime:0.000015s ]
INFO: [ app_init ] --END-- [ RunTime:0.000162s ]
INFO: [ app_begin ] --START--
INFO: Run Behavior\ReadHtmlCacheBehavior [ RunTime:0.000075s ]
INFO: [ app_begin ] --END-- [ RunTime:0.000124s ]
INFO: [ view_parse ] --START--
INFO: [ template_filter ] --START--
INFO: Run Behavior\ContentReplaceBehavior [ RunTime:0.000028s ]
INFO: [ template_filter ] --END-- [ RunTime:0.000063s ]
INFO: Run Behavior\ParseTemplateBehavior [ RunTime:0.002719s ]
INFO: [ view_parse ] --END-- [ RunTime:0.002772s ]
INFO: [ view_filter ] --START--
INFO: Run Behavior\WriteHtmlCacheBehavior [ RunTime:0.000168s ]
INFO: [ view_filter ] --END-- [ RunTime:0.000201s ]
INFO: [ app_end ] --START--
INFO: Run Behavior\ShowPageTraceBehavior [ RunTime:0.000061s ]
INFO: [ app_end ] --END-- [ RunTime:0.000092s ]

[ 2016-05-16T22:50:29+08:00 ] 127.0.0.1 /interview/index.php/Admin/Index/top
INFO: [ app_init ] --START--
INFO: Run Behavior\BuildLiteBehavior [ RunTime:0.000019s ]
INFO: [ app_init ] --END-- [ RunTime:0.000184s ]
INFO: [ app_begin ] --START--
INFO: Run Behavior\ReadHtmlCacheBehavior [ RunTime:0.000151s ]
INFO: [ app_begin ] --END-- [ RunTime:0.000241s ]
INFO: [ view_parse ] --START--
INFO: [ template_filter ] --START--
INFO: Run Behavior\ContentReplaceBehavior [ RunTime:0.000092s ]
INFO: [ template_filter ] --END-- [ RunTime:0.000173s ]
INFO: Run Behavior\ParseTemplateBehavior [ RunTime:0.004368s ]
INFO: [ view_parse ] --END-- [ RunTime:0.004433s ]
INFO: [ view_filter ] --START--
INFO: Run Behavior\WriteHtmlCacheBehavior [ RunTime:0.000187s ]
INFO: [ view_filter ] --END-- [ RunTime:0.000219s ]
INFO: [ app_end ] --START--
INFO: Run Behavior\ShowPageTraceBehavior [ RunTime:0.000061s ]
INFO: [ app_end ] --END-- [ RunTime:0.000090s ]

[ 2016-05-16T22:50:29+08:00 ] 127.0.0.1 /interview/index.php/Admin/Index/left
INFO: [ app_init ] --START--
INFO: Run Behavior\BuildLiteBehavior [ RunTime:0.000014s ]
INFO: [ app_init ] --END-- [ RunTime:0.000348s ]
INFO: [ app_begin ] --START--
INFO: Run Behavior\ReadHtmlCacheBehavior [ RunTime:0.000724s ]
INFO: [ app_begin ] --END-- [ RunTime:0.000792s ]
SQL: SHOW COLUMNS FROM `user` [ RunTime:0.0031s ]
ERR: Think\Model:getQx方法不存在！

[ 2016-05-16T22:50:29+08:00 ] 127.0.0.1 /interview/index.php/Admin/Index/right
INFO: [ app_init ] --START--
INFO: Run Behavior\BuildLiteBehavior [ RunTime:0.000017s ]
INFO: [ app_init ] --END-- [ RunTime:0.000483s ]
INFO: [ app_begin ] --START--
INFO: Run Behavior\ReadHtmlCacheBehavior [ RunTime:0.000499s ]
INFO: [ app_begin ] --END-- [ RunTime:0.000558s ]
INFO: [ view_parse ] --START--
INFO: [ template_filter ] --START--
INFO: Run Behavior\ContentReplaceBehavior [ RunTime:0.000117s ]
INFO: [ template_filter ] --END-- [ RunTime:0.000217s ]
INFO: Run Behavior\ParseTemplateBehavior [ RunTime:0.010012s ]
INFO: [ view_parse ] --END-- [ RunTime:0.010073s ]
INFO: [ view_filter ] --START--
INFO: Run Behavior\WriteHtmlCacheBehavior [ RunTime:0.000507s ]
INFO: [ view_filter ] --END-- [ RunTime:0.000543s ]
INFO: [ app_end ] --START--
INFO: Run Behavior\ShowPageTraceBehavior [ RunTime:0.000457s ]
INFO: [ app_end ] --END-- [ RunTime:0.000499s ]

[ 2016-05-16T22:50:53+08:00 ] 127.0.0.1 /interview/index.php/Admin/index/index
INFO: [ app_init ] --START--
INFO: Run Behavior\BuildLiteBehavior [ RunTime:0.000046s ]
INFO: [ app_init ] --END-- [ RunTime:0.001538s ]
INFO: [ app_begin ] --START--
INFO: Run Behavior\ReadHtmlCacheBehavior [ RunTime:0.002116s ]
INFO: [ app_begin ] --END-- [ RunTime:0.002332s ]
INFO: [ view_parse ] --START--
INFO: [ template_filter ] --START--
INFO: Run Behavior\ContentReplaceBehavior [ RunTime:0.000083s ]
INFO: [ template_filter ] --END-- [ RunTime:0.000214s ]
INFO: Run Behavior\ParseTemplateBehavior [ RunTime:0.012185s ]
INFO: [ view_parse ] --END-- [ RunTime:0.012320s ]
INFO: [ view_filter ] --START--
INFO: Run Behavior\WriteHtmlCacheBehavior [ RunTime:0.001394s ]
INFO: [ view_filter ] --END-- [ RunTime:0.001503s ]
INFO: [ app_end ] --START--
INFO: Run Behavior\ShowPageTraceBehavior [ RunTime:0.000802s ]
INFO: [ app_end ] --END-- [ RunTime:0.000862s ]

[ 2016-05-16T22:50:53+08:00 ] 127.0.0.1 /interview/index.php/Admin/Index/top
INFO: [ app_init ] --START--
INFO: Run Behavior\BuildLiteBehavior [ RunTime:0.000012s ]
INFO: [ app_init ] --END-- [ RunTime:0.000329s ]
INFO: [ app_begin ] --START--
INFO: Run Behavior\ReadHtmlCacheBehavior [ RunTime:0.000480s ]
INFO: [ app_begin ] --END-- [ RunTime:0.000532s ]
INFO: [ view_parse ] --START--
INFO: [ template_filter ] --START--
INFO: Run Behavior\ContentReplaceBehavior [ RunTime:0.000058s ]
INFO: [ template_filter ] --END-- [ RunTime:0.000106s ]
INFO: Run Behavior\ParseTemplateBehavior [ RunTime:0.006357s ]
INFO: [ view_parse ] --END-- [ RunTime:0.006416s ]
INFO: [ view_filter ] --START--
INFO: Run Behavior\WriteHtmlCacheBehavior [ RunTime:0.000504s ]
INFO: [ view_filter ] --END-- [ RunTime:0.000541s ]
INFO: [ app_end ] --START--
INFO: Run Behavior\ShowPageTraceBehavior [ RunTime:0.000448s ]
INFO: [ app_end ] --END-- [ RunTime:0.000484s ]

[ 2016-05-16T22:50:53+08:00 ] 127.0.0.1 /interview/index.php/Admin/Index/left
INFO: [ app_init ] --START--
INFO: Run Behavior\BuildLiteBehavior [ RunTime:0.000018s ]
INFO: [ app_init ] --END-- [ RunTime:0.000537s ]
INFO: [ app_begin ] --START--
INFO: Run Behavior\ReadHtmlCacheBehavior [ RunTime:0.000781s ]
INFO: [ app_begin ] --END-- [ RunTime:0.000859s ]
SQL: SHOW COLUMNS FROM `user` [ RunTime:0.0039s ]
ERR: Think\Model:getQx方法不存在！

[ 2016-05-16T22:50:53+08:00 ] 127.0.0.1 /interview/index.php/Admin/Index/right
INFO: [ app_init ] --START--
INFO: Run Behavior\BuildLiteBehavior [ RunTime:0.000015s ]
INFO: [ app_init ] --END-- [ RunTime:0.000137s ]
INFO: [ app_begin ] --START--
INFO: Run Behavior\ReadHtmlCacheBehavior [ RunTime:0.000068s ]
INFO: [ app_begin ] --END-- [ RunTime:0.000107s ]
INFO: [ view_parse ] --START--
INFO: [ template_filter ] --START--
INFO: Run Behavior\ContentReplaceBehavior [ RunTime:0.000077s ]
INFO: [ template_filter ] --END-- [ RunTime:0.000153s ]
INFO: Run Behavior\ParseTemplateBehavior [ RunTime:0.005334s ]
INFO: [ view_parse ] --END-- [ RunTime:0.005416s ]
INFO: [ view_filter ] --START--
INFO: Run Behavior\WriteHtmlCacheBehavior [ RunTime:0.000246s ]
INFO: [ view_filter ] --END-- [ RunTime:0.000301s ]
INFO: [ app_end ] --START--
INFO: Run Behavior\ShowPageTraceBehavior [ RunTime:0.000114s ]
INFO: [ app_end ] --END-- [ RunTime:0.000160s ]

[ 2016-05-16T22:51:21+08:00 ] 127.0.0.1 /interview/index.php/Admin/Index/Label_Admin.asp?Type=1
INFO: [ app_init ] --START--
INFO: Run Behavior\BuildLiteBehavior [ RunTime:0.000010s ]
INFO: [ app_init ] --END-- [ RunTime:0.000108s ]
INFO: [ app_begin ] --START--
INFO: Run Behavior\ReadHtmlCacheBehavior [ RunTime:0.000071s ]
INFO: [ app_begin ] --END-- [ RunTime:0.000111s ]
ERR: 非法操作:Label_Admin.asp

[ 2016-05-16T22:54:05+08:00 ] 127.0.0.1 /interview/index.php/Admin/index/index
INFO: [ app_init ] --START--
INFO: Run Behavior\BuildLiteBehavior [ RunTime:0.000020s ]
INFO: [ app_init ] --END-- [ RunTime:0.000533s ]
INFO: [ app_begin ] --START--
INFO: Run Behavior\ReadHtmlCacheBehavior [ RunTime:0.000777s ]
INFO: [ app_begin ] --END-- [ RunTime:0.000869s ]
INFO: [ view_parse ] --START--
INFO: [ template_filter ] --START--
INFO: Run Behavior\ContentReplaceBehavior [ RunTime:0.000052s ]
INFO: [ template_filter ] --END-- [ RunTime:0.000142s ]
INFO: Run Behavior\ParseTemplateBehavior [ RunTime:0.007359s ]
INFO: [ view_parse ] --END-- [ RunTime:0.007482s ]
INFO: [ view_filter ] --START--
INFO: Run Behavior\WriteHtmlCacheBehavior [ RunTime:0.000800s ]
INFO: [ view_filter ] --END-- [ RunTime:0.000874s ]
INFO: [ app_end ] --START--
INFO: Run Behavior\ShowPageTraceBehavior [ RunTime:0.000529s ]
INFO: [ app_end ] --END-- [ RunTime:0.000573s ]

[ 2016-05-16T22:54:06+08:00 ] 127.0.0.1 /interview/index.php/Admin/Index/left
INFO: [ app_init ] --START--
INFO: Run Behavior\BuildLiteBehavior [ RunTime:0.000021s ]
INFO: [ app_init ] --END-- [ RunTime:0.000287s ]
INFO: [ app_begin ] --START--
INFO: Run Behavior\ReadHtmlCacheBehavior [ RunTime:0.000199s ]
INFO: [ app_begin ] --END-- [ RunTime:0.000281s ]
SQL: SHOW COLUMNS FROM `user` [ RunTime:0.0038s ]
ERR: Think\Model:getQx方法不存在！

[ 2016-05-16T22:54:06+08:00 ] 127.0.0.1 /interview/index.php/Admin/Index/top
INFO: [ app_init ] --START--
INFO: Run Behavior\BuildLiteBehavior [ RunTime:0.000012s ]
INFO: [ app_init ] --END-- [ RunTime:0.000336s ]
INFO: [ app_begin ] --START--
INFO: Run Behavior\ReadHtmlCacheBehavior [ RunTime:0.000475s ]
INFO: [ app_begin ] --END-- [ RunTime:0.000524s ]
INFO: [ view_parse ] --START--
INFO: [ template_filter ] --START--
INFO: Run Behavior\ContentReplaceBehavior [ RunTime:0.000087s ]
INFO: [ template_filter ] --END-- [ RunTime:0.000166s ]
INFO: Run Behavior\ParseTemplateBehavior [ RunTime:0.006978s ]
INFO: [ view_parse ] --END-- [ RunTime:0.007050s ]
INFO: [ view_filter ] --START--
INFO: Run Behavior\WriteHtmlCacheBehavior [ RunTime:0.000756s ]
INFO: [ view_filter ] --END-- [ RunTime:0.000812s ]
INFO: [ app_end ] --START--
INFO: Run Behavior\ShowPageTraceBehavior [ RunTime:0.000716s ]
INFO: [ app_end ] --END-- [ RunTime:0.000785s ]

[ 2016-05-16T22:54:06+08:00 ] 127.0.0.1 /interview/index.php/Admin/Index/right
INFO: [ app_init ] --START--
INFO: Run Behavior\BuildLiteBehavior [ RunTime:0.000016s ]
INFO: [ app_init ] --END-- [ RunTime:0.000223s ]
INFO: [ app_begin ] --START--
INFO: Run Behavior\ReadHtmlCacheBehavior [ RunTime:0.000155s ]
INFO: [ app_begin ] --END-- [ RunTime:0.000216s ]
INFO: [ view_parse ] --START--
INFO: [ template_filter ] --START--
INFO: Run Behavior\ContentReplaceBehavior [ RunTime:0.000100s ]
INFO: [ template_filter ] --END-- [ RunTime:0.000189s ]
INFO: Run Behavior\ParseTemplateBehavior [ RunTime:0.005429s ]
INFO: [ view_parse ] --END-- [ RunTime:0.005495s ]
INFO: [ view_filter ] --START--
INFO: Run Behavior\WriteHtmlCacheBehavior [ RunTime:0.000176s ]
INFO: [ view_filter ] --END-- [ RunTime:0.000209s ]
INFO: [ app_end ] --START--
INFO: Run Behavior\ShowPageTraceBehavior [ RunTime:0.000117s ]
INFO: [ app_end ] --END-- [ RunTime:0.000149s ]

[ 2016-05-16T22:54:30+08:00 ] 127.0.0.1 /interview/index.php/Admin/index/index
INFO: [ app_init ] --START--
INFO: Run Behavior\BuildLiteBehavior [ RunTime:0.000016s ]
INFO: [ app_init ] --END-- [ RunTime:0.000528s ]
INFO: [ app_begin ] --START--
INFO: Run Behavior\ReadHtmlCacheBehavior [ RunTime:0.000760s ]
INFO: [ app_begin ] --END-- [ RunTime:0.000901s ]
INFO: [ view_parse ] --START--
INFO: [ template_filter ] --START--
INFO: Run Behavior\ContentReplaceBehavior [ RunTime:0.000044s ]
INFO: [ template_filter ] --END-- [ RunTime:0.000116s ]
INFO: Run Behavior\ParseTemplateBehavior [ RunTime:0.006299s ]
INFO: [ view_parse ] --END-- [ RunTime:0.006370s ]
INFO: [ view_filter ] --START--
INFO: Run Behavior\WriteHtmlCacheBehavior [ RunTime:0.000493s ]
INFO: [ view_filter ] --END-- [ RunTime:0.000527s ]
INFO: [ app_end ] --START--
INFO: Run Behavior\ShowPageTraceBehavior [ RunTime:0.000440s ]
INFO: [ app_end ] --END-- [ RunTime:0.000474s ]

[ 2016-05-16T22:54:30+08:00 ] 127.0.0.1 /interview/index.php/Admin/Index/top
INFO: [ app_init ] --START--
INFO: Run Behavior\BuildLiteBehavior [ RunTime:0.000013s ]
INFO: [ app_init ] --END-- [ RunTime:0.000342s ]
INFO: [ app_begin ] --START--
INFO: Run Behavior\ReadHtmlCacheBehavior [ RunTime:0.000856s ]
INFO: [ app_begin ] --END-- [ RunTime:0.000936s ]
INFO: [ view_parse ] --START--
INFO: [ template_filter ] --START--
INFO: Run Behavior\ContentReplaceBehavior [ RunTime:0.000060s ]
INFO: [ template_filter ] --END-- [ RunTime:0.000115s ]
INFO: Run Behavior\ParseTemplateBehavior [ RunTime:0.007197s ]
INFO: [ view_parse ] --END-- [ RunTime:0.007272s ]
INFO: [ view_filter ] --START--
INFO: Run Behavior\WriteHtmlCacheBehavior [ RunTime:0.000744s ]
INFO: [ view_filter ] --END-- [ RunTime:0.000798s ]
INFO: [ app_end ] --START--
INFO: Run Behavior\ShowPageTraceBehavior [ RunTime:0.001627s ]
INFO: [ app_end ] --END-- [ RunTime:0.001841s ]

[ 2016-05-16T22:54:30+08:00 ] 127.0.0.1 /interview/index.php/Admin/Index/left
INFO: [ app_init ] --START--
INFO: Run Behavior\BuildLiteBehavior [ RunTime:0.000020s ]
INFO: [ app_init ] --END-- [ RunTime:0.000544s ]
INFO: [ app_begin ] --START--
INFO: Run Behavior\ReadHtmlCacheBehavior [ RunTime:0.000477s ]
INFO: [ app_begin ] --END-- [ RunTime:0.000530s ]
SQL: SHOW COLUMNS FROM `user` [ RunTime:0.0037s ]
ERR: Think\Model:getQx方法不存在！

[ 2016-05-16T22:54:30+08:00 ] 127.0.0.1 /interview/index.php/Admin/Index/right
INFO: [ app_init ] --START--
INFO: Run Behavior\BuildLiteBehavior [ RunTime:0.000020s ]
INFO: [ app_init ] --END-- [ RunTime:0.000566s ]
INFO: [ app_begin ] --START--
INFO: Run Behavior\ReadHtmlCacheBehavior [ RunTime:0.000945s ]
INFO: [ app_begin ] --END-- [ RunTime:0.001060s ]
INFO: [ view_parse ] --START--
INFO: [ template_filter ] --START--
INFO: Run Behavior\ContentReplaceBehavior [ RunTime:0.000248s ]
INFO: [ template_filter ] --END-- [ RunTime:0.000455s ]
INFO: Run Behavior\ParseTemplateBehavior [ RunTime:0.009110s ]
INFO: [ view_parse ] --END-- [ RunTime:0.009184s ]
INFO: [ view_filter ] --START--
INFO: Run Behavior\WriteHtmlCacheBehavior [ RunTime:0.000501s ]
INFO: [ view_filter ] --END-- [ RunTime:0.000540s ]
INFO: [ app_end ] --START--
INFO: Run Behavior\ShowPageTraceBehavior [ RunTime:0.000466s ]
INFO: [ app_end ] --END-- [ RunTime:0.000508s ]

[ 2016-05-16T22:54:46+08:00 ] 127.0.0.1 /interview/index.php/Admin/index/index
INFO: [ app_init ] --START--
INFO: Run Behavior\BuildLiteBehavior [ RunTime:0.000013s ]
INFO: [ app_init ] --END-- [ RunTime:0.000356s ]
INFO: [ app_begin ] --START--
INFO: Run Behavior\ReadHtmlCacheBehavior [ RunTime:0.000438s ]
INFO: [ app_begin ] --END-- [ RunTime:0.000488s ]
INFO: [ view_parse ] --START--
INFO: [ template_filter ] --START--
INFO: Run Behavior\ContentReplaceBehavior [ RunTime:0.000034s ]
INFO: [ template_filter ] --END-- [ RunTime:0.000089s ]
INFO: Run Behavior\ParseTemplateBehavior [ RunTime:0.005610s ]
INFO: [ view_parse ] --END-- [ RunTime:0.005662s ]
INFO: [ view_filter ] --START--
INFO: Run Behavior\WriteHtmlCacheBehavior [ RunTime:0.000475s ]
INFO: [ view_filter ] --END-- [ RunTime:0.000509s ]
INFO: [ app_end ] --START--
INFO: Run Behavior\ShowPageTraceBehavior [ RunTime:0.000465s ]
INFO: [ app_end ] --END-- [ RunTime:0.000501s ]

[ 2016-05-16T22:54:47+08:00 ] 127.0.0.1 /interview/index.php/Admin/Index/top
INFO: [ app_init ] --START--
INFO: Run Behavior\BuildLiteBehavior [ RunTime:0.000019s ]
INFO: [ app_init ] --END-- [ RunTime:0.000218s ]
INFO: [ app_begin ] --START--
INFO: Run Behavior\ReadHtmlCacheBehavior [ RunTime:0.000114s ]
INFO: [ app_begin ] --END-- [ RunTime:0.000183s ]
INFO: [ view_parse ] --START--
INFO: [ template_filter ] --START--
INFO: Run Behavior\ContentReplaceBehavior [ RunTime:0.000096s ]
INFO: [ template_filter ] --END-- [ RunTime:0.000176s ]
INFO: Run Behavior\ParseTemplateBehavior [ RunTime:0.005249s ]
INFO: [ view_parse ] --END-- [ RunTime:0.005329s ]
INFO: [ view_filter ] --START--
INFO: Run Behavior\WriteHtmlCacheBehavior [ RunTime:0.000255s ]
INFO: [ view_filter ] --END-- [ RunTime:0.000307s ]
INFO: [ app_end ] --START--
INFO: Run Behavior\ShowPageTraceBehavior [ RunTime:0.000185s ]
INFO: [ app_end ] --END-- [ RunTime:0.000249s ]

[ 2016-05-16T22:54:47+08:00 ] 127.0.0.1 /interview/index.php/Admin/Index/left
INFO: [ app_init ] --START--
INFO: Run Behavior\BuildLiteBehavior [ RunTime:0.000019s ]
INFO: [ app_init ] --END-- [ RunTime:0.000535s ]
INFO: [ app_begin ] --START--
INFO: Run Behavior\ReadHtmlCacheBehavior [ RunTime:0.000771s ]
INFO: [ app_begin ] --END-- [ RunTime:0.000855s ]
SQL: SHOW COLUMNS FROM `user` [ RunTime:0.0037s ]
ERR: Think\Model:getQx方法不存在！

[ 2016-05-16T22:54:47+08:00 ] 127.0.0.1 /interview/index.php/Admin/Index/right
INFO: [ app_init ] --START--
INFO: Run Behavior\BuildLiteBehavior [ RunTime:0.000016s ]
INFO: [ app_init ] --END-- [ RunTime:0.000164s ]
INFO: [ app_begin ] --START--
INFO: Run Behavior\ReadHtmlCacheBehavior [ RunTime:0.000075s ]
INFO: [ app_begin ] --END-- [ RunTime:0.000122s ]
INFO: [ view_parse ] --START--
INFO: [ template_filter ] --START--
INFO: Run Behavior\ContentReplaceBehavior [ RunTime:0.000058s ]
INFO: [ template_filter ] --END-- [ RunTime:0.000105s ]
INFO: Run Behavior\ParseTemplateBehavior [ RunTime:0.003125s ]
INFO: [ view_parse ] --END-- [ RunTime:0.003181s ]
INFO: [ view_filter ] --START--
INFO: Run Behavior\WriteHtmlCacheBehavior [ RunTime:0.000189s ]
INFO: [ view_filter ] --END-- [ RunTime:0.000221s ]
INFO: [ app_end ] --START--
INFO: Run Behavior\ShowPageTraceBehavior [ RunTime:0.000060s ]
INFO: [ app_end ] --END-- [ RunTime:0.000089s ]

