[ 2016-05-22T13:51:10+08:00 ] 127.0.0.1 /php10/text/admin.php/Home/Index/index
INFO: [ app_init ] --START--
INFO: Run Behavior\BuildLiteBehavior [ RunTime:0.000000s ]
INFO: [ app_init ] --END-- [ RunTime:0.000000s ]
INFO: [ app_begin ] --START--
INFO: Run Behavior\ReadHtmlCacheBehavior [ RunTime:0.000000s ]
INFO: [ app_begin ] --END-- [ RunTime:0.000000s ]
NOTIC: [2048] Declaration of Home\Controller\IndexController::show() should be compatible with Think\Controller::show($content, $charset = '', $contentType = '', $prefix = '') D:\WWW\php10\text\Admin\Home\Controller\IndexController.class.php 第 111 行.
NOTIC: [8] Undefined index: admin_name D:\WWW\php10\text\Admin\Home\Controller\IndexController.class.php 第 64 行.
INFO: [ view_parse ] --START--
INFO: [ template_filter ] --START--
INFO: Run Behavior\ContentReplaceBehavior [ RunTime:0.000000s ]
INFO: [ template_filter ] --END-- [ RunTime:0.000000s ]
INFO: Run Behavior\ParseTemplateBehavior [ RunTime:0.010000s ]
INFO: [ view_parse ] --END-- [ RunTime:0.010000s ]
INFO: [ view_filter ] --START--
INFO: Run Behavior\WriteHtmlCacheBehavior [ RunTime:0.000000s ]
INFO: [ view_filter ] --END-- [ RunTime:0.000000s ]

[ 2016-05-22T13:51:13+08:00 ] 127.0.0.1 /php10/text/admin.php/Home/Index/login.html
INFO: [ app_init ] --START--
INFO: Run Behavior\BuildLiteBehavior [ RunTime:0.000000s ]
INFO: [ app_init ] --END-- [ RunTime:0.000000s ]
INFO: [ app_begin ] --START--
INFO: Run Behavior\ReadHtmlCacheBehavior [ RunTime:0.000000s ]
INFO: [ app_begin ] --END-- [ RunTime:0.000000s ]
NOTIC: [2048] Declaration of Home\Controller\IndexController::show() should be compatible with Think\Controller::show($content, $charset = '', $contentType = '', $prefix = '') D:\WWW\php10\text\Admin\Home\Controller\IndexController.class.php 第 111 行.
INFO: [ view_parse ] --START--
INFO: [ template_filter ] --START--
INFO: Run Behavior\ContentReplaceBehavior [ RunTime:0.000000s ]
INFO: [ template_filter ] --END-- [ RunTime:0.000000s ]
INFO: Run Behavior\ParseTemplateBehavior [ RunTime:0.040001s ]
INFO: [ view_parse ] --END-- [ RunTime:0.040001s ]
INFO: [ view_filter ] --START--
INFO: Run Behavior\WriteHtmlCacheBehavior [ RunTime:0.000000s ]
INFO: [ view_filter ] --END-- [ RunTime:0.000000s ]
INFO: [ app_end ] --START--
INFO: Run Behavior\ShowPageTraceBehavior [ RunTime:0.000000s ]
INFO: [ app_end ] --END-- [ RunTime:0.000000s ]

[ 2016-05-22T13:51:21+08:00 ] 127.0.0.1 /php10/text/admin.php/Home/Index/dologin
INFO: [ app_init ] --START--
INFO: Run Behavior\BuildLiteBehavior [ RunTime:0.000000s ]
INFO: [ app_init ] --END-- [ RunTime:0.000000s ]
INFO: [ app_begin ] --START--
INFO: Run Behavior\ReadHtmlCacheBehavior [ RunTime:0.000000s ]
INFO: [ app_begin ] --END-- [ RunTime:0.000000s ]
NOTIC: [2048] Declaration of Home\Controller\IndexController::show() should be compatible with Think\Controller::show($content, $charset = '', $contentType = '', $prefix = '') D:\WWW\php10\text\Admin\Home\Controller\IndexController.class.php 第 111 行.
SQL: SHOW COLUMNS FROM `qipin_adminuser` [ RunTime:0.0100s ]
SQL: SHOW COLUMNS FROM `qipin_adminuser` [ RunTime:0.0100s ]
SQL: SELECT * FROM `qipin_adminuser` WHERE ( a_user='admin' ) LIMIT 1   [ RunTime:0.0100s ]
NOTIC: [8] A session had already been started - ignoring session_start() D:\WWW\php10\text\Admin\Home\Controller\IndexController.class.php 第 30 行.
NOTIC: [8] Undefined index: admin_id D:\WWW\php10\text\Admin\Home\Controller\IndexController.class.php 第 32 行.
SQL: SELECT * FROM `qipin_adminuser` INNER JOIN qipin_ur on qipin_ur.u_id=qipin_adminuser.a_id INNER JOIN qipin_role on qipin_ur.r_id=qipin_role.r_id INNER JOIN qipin_rp on qipin_rp.r_id=qipin_role.r_id INNER JOIN qipin_power on qipin_power.p_id=qipin_rp.p_id  WHERE ( a_user='admin' )  [ RunTime:0.0000s ]
INFO: [ view_parse ] --START--
INFO: [ template_filter ] --START--
INFO: Run Behavior\ContentReplaceBehavior [ RunTime:0.000000s ]
INFO: [ template_filter ] --END-- [ RunTime:0.000000s ]
INFO: Run Behavior\ParseTemplateBehavior [ RunTime:0.010000s ]
INFO: [ view_parse ] --END-- [ RunTime:0.010000s ]
INFO: [ view_filter ] --START--
INFO: Run Behavior\WriteHtmlCacheBehavior [ RunTime:0.000000s ]
INFO: [ view_filter ] --END-- [ RunTime:0.000000s ]
INFO: [ app_end ] --START--
INFO: Run Behavior\ShowPageTraceBehavior [ RunTime:0.000000s ]
INFO: [ app_end ] --END-- [ RunTime:0.000000s ]

[ 2016-05-22T13:51:24+08:00 ] 127.0.0.1 /php10/text/admin.php/Home/Index/index.html
INFO: [ app_init ] --START--
INFO: Run Behavior\BuildLiteBehavior [ RunTime:0.000000s ]
INFO: [ app_init ] --END-- [ RunTime:0.000000s ]
INFO: [ app_begin ] --START--
INFO: Run Behavior\ReadHtmlCacheBehavior [ RunTime:0.000000s ]
INFO: [ app_begin ] --END-- [ RunTime:0.000000s ]
NOTIC: [2048] Declaration of Home\Controller\IndexController::show() should be compatible with Think\Controller::show($content, $charset = '', $contentType = '', $prefix = '') D:\WWW\php10\text\Admin\Home\Controller\IndexController.class.php 第 111 行.
INFO: [ view_parse ] --START--
INFO: [ template_filter ] --START--
INFO: Run Behavior\ContentReplaceBehavior [ RunTime:0.000000s ]
INFO: [ template_filter ] --END-- [ RunTime:0.000000s ]
INFO: Run Behavior\ParseTemplateBehavior [ RunTime:0.020000s ]
INFO: [ view_parse ] --END-- [ RunTime:0.020000s ]
INFO: [ view_filter ] --START--
INFO: Run Behavior\WriteHtmlCacheBehavior [ RunTime:0.000000s ]
INFO: [ view_filter ] --END-- [ RunTime:0.000000s ]
INFO: [ app_end ] --START--
INFO: Run Behavior\ShowPageTraceBehavior [ RunTime:0.010000s ]
INFO: [ app_end ] --END-- [ RunTime:0.010000s ]

[ 2016-05-22T13:51:33+08:00 ] 127.0.0.1 /php10/text/admin.php/Home/Enterprise/index
INFO: [ app_init ] --START--
INFO: Run Behavior\BuildLiteBehavior [ RunTime:0.000000s ]
INFO: [ app_init ] --END-- [ RunTime:0.000000s ]
INFO: [ app_begin ] --START--
INFO: Run Behavior\ReadHtmlCacheBehavior [ RunTime:0.000000s ]
INFO: [ app_begin ] --END-- [ RunTime:0.000000s ]
SQL: SHOW COLUMNS FROM `qipin_enterprise` [ RunTime:0.0100s ]
NOTIC: [8] Undefined variable: keyword D:\WWW\php10\text\Admin\Home\Controller\EnterpriseController.class.php 第 15 行.
SQL: SELECT COUNT(*) AS tp_count FROM `qipin_enterprise` WHERE (  e_name like '%%' ) LIMIT 1   [ RunTime:0.0000s ]
SQL: SELECT * FROM `qipin_enterprise` WHERE (  e_name like '%%' ) ORDER BY e_id desc  LIMIT 0,2   [ RunTime:0.0000s ]
NOTIC: [8] Undefined variable: keyword D:\WWW\php10\text\Admin\Home\Controller\EnterpriseController.class.php 第 32 行.
INFO: [ view_parse ] --START--
INFO: [ template_filter ] --START--
INFO: Run Behavior\ContentReplaceBehavior [ RunTime:0.000000s ]
INFO: [ template_filter ] --END-- [ RunTime:0.000000s ]
INFO: Run Behavior\ParseTemplateBehavior [ RunTime:0.020000s ]
INFO: [ view_parse ] --END-- [ RunTime:0.020000s ]
INFO: [ view_filter ] --START--
INFO: Run Behavior\WriteHtmlCacheBehavior [ RunTime:0.000000s ]
INFO: [ view_filter ] --END-- [ RunTime:0.000000s ]
INFO: [ app_end ] --START--
INFO: Run Behavior\ShowPageTraceBehavior [ RunTime:0.000000s ]
INFO: [ app_end ] --END-- [ RunTime:0.000000s ]

[ 2016-05-22T13:51:40+08:00 ] 127.0.0.1 /php10/text/admin.php/Home/Enterprise/index?keyword=%E8%81%94
INFO: [ app_init ] --START--
INFO: Run Behavior\BuildLiteBehavior [ RunTime:0.000000s ]
INFO: [ app_init ] --END-- [ RunTime:0.000000s ]
INFO: [ app_begin ] --START--
INFO: Run Behavior\ReadHtmlCacheBehavior [ RunTime:0.000000s ]
INFO: [ app_begin ] --END-- [ RunTime:0.000000s ]
SQL: SHOW COLUMNS FROM `qipin_enterprise` [ RunTime:0.0100s ]
NOTIC: [8] Undefined variable: keyword D:\WWW\php10\text\Admin\Home\Controller\EnterpriseController.class.php 第 15 行.
SQL: SELECT COUNT(*) AS tp_count FROM `qipin_enterprise` WHERE (  e_name like '%%' ) LIMIT 1   [ RunTime:0.0100s ]
SQL: SELECT * FROM `qipin_enterprise` WHERE (  e_name like '%%' ) ORDER BY e_id desc  LIMIT 0,2   [ RunTime:0.0000s ]
NOTIC: [8] Undefined variable: keyword D:\WWW\php10\text\Admin\Home\Controller\EnterpriseController.class.php 第 32 行.
INFO: [ view_parse ] --START--
INFO: [ template_filter ] --START--
INFO: Run Behavior\ContentReplaceBehavior [ RunTime:0.000000s ]
INFO: [ template_filter ] --END-- [ RunTime:0.000000s ]
INFO: Run Behavior\ParseTemplateBehavior [ RunTime:0.010000s ]
INFO: [ view_parse ] --END-- [ RunTime:0.010000s ]
INFO: [ view_filter ] --START--
INFO: Run Behavior\WriteHtmlCacheBehavior [ RunTime:0.000000s ]
INFO: [ view_filter ] --END-- [ RunTime:0.000000s ]
INFO: [ app_end ] --START--
INFO: Run Behavior\ShowPageTraceBehavior [ RunTime:0.000000s ]
INFO: [ app_end ] --END-- [ RunTime:0.000000s ]

[ 2016-05-22T13:51:45+08:00 ] 127.0.0.1 /php10/text/admin.php/Home/Enterprise/index?keyword=%E8%81%94
INFO: [ app_init ] --START--
INFO: Run Behavior\BuildLiteBehavior [ RunTime:0.000000s ]
INFO: [ app_init ] --END-- [ RunTime:0.000000s ]
INFO: [ app_begin ] --START--
INFO: Run Behavior\ReadHtmlCacheBehavior [ RunTime:0.000000s ]
INFO: [ app_begin ] --END-- [ RunTime:0.000000s ]
SQL: SHOW COLUMNS FROM `qipin_enterprise` [ RunTime:0.0100s ]
NOTIC: [8] Undefined variable: keyword D:\WWW\php10\text\Admin\Home\Controller\EnterpriseController.class.php 第 15 行.
SQL: SELECT COUNT(*) AS tp_count FROM `qipin_enterprise` WHERE (  e_name like '%%' ) LIMIT 1   [ RunTime:0.0000s ]
SQL: SELECT * FROM `qipin_enterprise` WHERE (  e_name like '%%' ) ORDER BY e_id desc  LIMIT 0,2   [ RunTime:0.0000s ]
NOTIC: [8] Undefined variable: keyword D:\WWW\php10\text\Admin\Home\Controller\EnterpriseController.class.php 第 32 行.
INFO: [ view_parse ] --START--
INFO: [ template_filter ] --START--
INFO: Run Behavior\ContentReplaceBehavior [ RunTime:0.000000s ]
INFO: [ template_filter ] --END-- [ RunTime:0.000000s ]
INFO: Run Behavior\ParseTemplateBehavior [ RunTime:0.010000s ]
INFO: [ view_parse ] --END-- [ RunTime:0.010000s ]
INFO: [ view_filter ] --START--
INFO: Run Behavior\WriteHtmlCacheBehavior [ RunTime:0.000000s ]
INFO: [ view_filter ] --END-- [ RunTime:0.000000s ]
INFO: [ app_end ] --START--
INFO: Run Behavior\ShowPageTraceBehavior [ RunTime:0.010000s ]
INFO: [ app_end ] --END-- [ RunTime:0.010000s ]

[ 2016-05-22T13:51:51+08:00 ] 127.0.0.1 /php10/text/admin.php/Home/Enterprise/index?keyword=%E8%81%94%E6%83%B3
INFO: [ app_init ] --START--
INFO: Run Behavior\BuildLiteBehavior [ RunTime:0.000000s ]
INFO: [ app_init ] --END-- [ RunTime:0.000000s ]
INFO: [ app_begin ] --START--
INFO: Run Behavior\ReadHtmlCacheBehavior [ RunTime:0.000000s ]
INFO: [ app_begin ] --END-- [ RunTime:0.000000s ]
SQL: SHOW COLUMNS FROM `qipin_enterprise` [ RunTime:0.0100s ]
NOTIC: [8] Undefined variable: keyword D:\WWW\php10\text\Admin\Home\Controller\EnterpriseController.class.php 第 15 行.
SQL: SELECT COUNT(*) AS tp_count FROM `qipin_enterprise` WHERE (  e_name like '%%' ) LIMIT 1   [ RunTime:0.0000s ]
SQL: SELECT * FROM `qipin_enterprise` WHERE (  e_name like '%%' ) ORDER BY e_id desc  LIMIT 0,2   [ RunTime:0.0000s ]
NOTIC: [8] Undefined variable: keyword D:\WWW\php10\text\Admin\Home\Controller\EnterpriseController.class.php 第 32 行.
INFO: [ view_parse ] --START--
INFO: [ template_filter ] --START--
INFO: Run Behavior\ContentReplaceBehavior [ RunTime:0.000000s ]
INFO: [ template_filter ] --END-- [ RunTime:0.000000s ]
INFO: Run Behavior\ParseTemplateBehavior [ RunTime:0.010000s ]
INFO: [ view_parse ] --END-- [ RunTime:0.010000s ]
INFO: [ view_filter ] --START--
INFO: Run Behavior\WriteHtmlCacheBehavior [ RunTime:0.000000s ]
INFO: [ view_filter ] --END-- [ RunTime:0.000000s ]
INFO: [ app_end ] --START--
INFO: Run Behavior\ShowPageTraceBehavior [ RunTime:0.000000s ]
INFO: [ app_end ] --END-- [ RunTime:0.000000s ]

[ 2016-05-22T13:51:52+08:00 ] 127.0.0.1 /php10/text/admin.php/Home/Enterprise/index?keyword=
INFO: [ app_init ] --START--
INFO: Run Behavior\BuildLiteBehavior [ RunTime:0.000000s ]
INFO: [ app_init ] --END-- [ RunTime:0.000000s ]
INFO: [ app_begin ] --START--
INFO: Run Behavior\ReadHtmlCacheBehavior [ RunTime:0.000000s ]
INFO: [ app_begin ] --END-- [ RunTime:0.000000s ]
SQL: SHOW COLUMNS FROM `qipin_enterprise` [ RunTime:0.0100s ]
NOTIC: [8] Undefined variable: keyword D:\WWW\php10\text\Admin\Home\Controller\EnterpriseController.class.php 第 15 行.
SQL: SELECT COUNT(*) AS tp_count FROM `qipin_enterprise` WHERE (  e_name like '%%' ) LIMIT 1   [ RunTime:0.0000s ]
SQL: SELECT * FROM `qipin_enterprise` WHERE (  e_name like '%%' ) ORDER BY e_id desc  LIMIT 0,2   [ RunTime:0.0000s ]
NOTIC: [8] Undefined variable: keyword D:\WWW\php10\text\Admin\Home\Controller\EnterpriseController.class.php 第 32 行.
INFO: [ view_parse ] --START--
INFO: [ template_filter ] --START--
INFO: Run Behavior\ContentReplaceBehavior [ RunTime:0.000000s ]
INFO: [ template_filter ] --END-- [ RunTime:0.000000s ]
INFO: Run Behavior\ParseTemplateBehavior [ RunTime:0.010000s ]
INFO: [ view_parse ] --END-- [ RunTime:0.010000s ]
INFO: [ view_filter ] --START--
INFO: Run Behavior\WriteHtmlCacheBehavior [ RunTime:0.000000s ]
INFO: [ view_filter ] --END-- [ RunTime:0.000000s ]
INFO: [ app_end ] --START--
INFO: Run Behavior\ShowPageTraceBehavior [ RunTime:0.000000s ]
INFO: [ app_end ] --END-- [ RunTime:0.000000s ]

[ 2016-05-22T13:51:53+08:00 ] 127.0.0.1 /php10/text/admin.php/Home/Enterprise/index?keyword=
INFO: [ app_init ] --START--
INFO: Run Behavior\BuildLiteBehavior [ RunTime:0.000000s ]
INFO: [ app_init ] --END-- [ RunTime:0.000000s ]
INFO: [ app_begin ] --START--
INFO: Run Behavior\ReadHtmlCacheBehavior [ RunTime:0.000000s ]
INFO: [ app_begin ] --END-- [ RunTime:0.000000s ]
SQL: SHOW COLUMNS FROM `qipin_enterprise` [ RunTime:0.0100s ]
NOTIC: [8] Undefined variable: keyword D:\WWW\php10\text\Admin\Home\Controller\EnterpriseController.class.php 第 15 行.
SQL: SELECT COUNT(*) AS tp_count FROM `qipin_enterprise` WHERE (  e_name like '%%' ) LIMIT 1   [ RunTime:0.0000s ]
SQL: SELECT * FROM `qipin_enterprise` WHERE (  e_name like '%%' ) ORDER BY e_id desc  LIMIT 0,2   [ RunTime:0.0000s ]
NOTIC: [8] Undefined variable: keyword D:\WWW\php10\text\Admin\Home\Controller\EnterpriseController.class.php 第 32 行.
INFO: [ view_parse ] --START--
INFO: [ template_filter ] --START--
INFO: Run Behavior\ContentReplaceBehavior [ RunTime:0.000000s ]
INFO: [ template_filter ] --END-- [ RunTime:0.000000s ]
INFO: Run Behavior\ParseTemplateBehavior [ RunTime:0.010000s ]
INFO: [ view_parse ] --END-- [ RunTime:0.010000s ]
INFO: [ view_filter ] --START--
INFO: Run Behavior\WriteHtmlCacheBehavior [ RunTime:0.000000s ]
INFO: [ view_filter ] --END-- [ RunTime:0.000000s ]
INFO: [ app_end ] --START--
INFO: Run Behavior\ShowPageTraceBehavior [ RunTime:0.000000s ]
INFO: [ app_end ] --END-- [ RunTime:0.000000s ]

[ 2016-05-22T13:51:54+08:00 ] 127.0.0.1 /php10/text/admin.php/Home/Enterprise/index?keyword=
INFO: [ app_init ] --START--
INFO: Run Behavior\BuildLiteBehavior [ RunTime:0.000000s ]
INFO: [ app_init ] --END-- [ RunTime:0.000000s ]
INFO: [ app_begin ] --START--
INFO: Run Behavior\ReadHtmlCacheBehavior [ RunTime:0.000000s ]
INFO: [ app_begin ] --END-- [ RunTime:0.000000s ]
SQL: SHOW COLUMNS FROM `qipin_enterprise` [ RunTime:0.0100s ]
NOTIC: [8] Undefined variable: keyword D:\WWW\php10\text\Admin\Home\Controller\EnterpriseController.class.php 第 15 行.
SQL: SELECT COUNT(*) AS tp_count FROM `qipin_enterprise` WHERE (  e_name like '%%' ) LIMIT 1   [ RunTime:0.0100s ]
SQL: SELECT * FROM `qipin_enterprise` WHERE (  e_name like '%%' ) ORDER BY e_id desc  LIMIT 0,2   [ RunTime:0.0000s ]
NOTIC: [8] Undefined variable: keyword D:\WWW\php10\text\Admin\Home\Controller\EnterpriseController.class.php 第 32 行.
INFO: [ view_parse ] --START--
INFO: [ template_filter ] --START--
INFO: Run Behavior\ContentReplaceBehavior [ RunTime:0.000000s ]
INFO: [ template_filter ] --END-- [ RunTime:0.000000s ]
INFO: Run Behavior\ParseTemplateBehavior [ RunTime:0.010000s ]
INFO: [ view_parse ] --END-- [ RunTime:0.010000s ]
INFO: [ view_filter ] --START--
INFO: Run Behavior\WriteHtmlCacheBehavior [ RunTime:0.000000s ]
INFO: [ view_filter ] --END-- [ RunTime:0.000000s ]
INFO: [ app_end ] --START--
INFO: Run Behavior\ShowPageTraceBehavior [ RunTime:0.000000s ]
INFO: [ app_end ] --END-- [ RunTime:0.000000s ]

[ 2016-05-22T13:51:54+08:00 ] 127.0.0.1 /php10/text/admin.php/Home/Enterprise/index?keyword=
INFO: [ app_init ] --START--
INFO: Run Behavior\BuildLiteBehavior [ RunTime:0.000000s ]
INFO: [ app_init ] --END-- [ RunTime:0.000000s ]
INFO: [ app_begin ] --START--
INFO: Run Behavior\ReadHtmlCacheBehavior [ RunTime:0.000000s ]
INFO: [ app_begin ] --END-- [ RunTime:0.000000s ]
SQL: SHOW COLUMNS FROM `qipin_enterprise` [ RunTime:0.0100s ]
NOTIC: [8] Undefined variable: keyword D:\WWW\php10\text\Admin\Home\Controller\EnterpriseController.class.php 第 15 行.
SQL: SELECT COUNT(*) AS tp_count FROM `qipin_enterprise` WHERE (  e_name like '%%' ) LIMIT 1   [ RunTime:0.0000s ]
SQL: SELECT * FROM `qipin_enterprise` WHERE (  e_name like '%%' ) ORDER BY e_id desc  LIMIT 0,2   [ RunTime:0.0000s ]
NOTIC: [8] Undefined variable: keyword D:\WWW\php10\text\Admin\Home\Controller\EnterpriseController.class.php 第 32 行.
INFO: [ view_parse ] --START--
INFO: [ template_filter ] --START--
INFO: Run Behavior\ContentReplaceBehavior [ RunTime:0.000000s ]
INFO: [ template_filter ] --END-- [ RunTime:0.000000s ]
INFO: Run Behavior\ParseTemplateBehavior [ RunTime:0.020000s ]
INFO: [ view_parse ] --END-- [ RunTime:0.020000s ]
INFO: [ view_filter ] --START--
INFO: Run Behavior\WriteHtmlCacheBehavior [ RunTime:0.000000s ]
INFO: [ view_filter ] --END-- [ RunTime:0.000000s ]
INFO: [ app_end ] --START--
INFO: Run Behavior\ShowPageTraceBehavior [ RunTime:0.000000s ]
INFO: [ app_end ] --END-- [ RunTime:0.000000s ]

[ 2016-05-22T13:51:55+08:00 ] 127.0.0.1 /php10/text/admin.php/Home/Enterprise/index?keyword=
INFO: [ app_init ] --START--
INFO: Run Behavior\BuildLiteBehavior [ RunTime:0.000000s ]
INFO: [ app_init ] --END-- [ RunTime:0.000000s ]
INFO: [ app_begin ] --START--
INFO: Run Behavior\ReadHtmlCacheBehavior [ RunTime:0.000000s ]
INFO: [ app_begin ] --END-- [ RunTime:0.000000s ]
SQL: SHOW COLUMNS FROM `qipin_enterprise` [ RunTime:0.0100s ]
NOTIC: [8] Undefined variable: keyword D:\WWW\php10\text\Admin\Home\Controller\EnterpriseController.class.php 第 15 行.
SQL: SELECT COUNT(*) AS tp_count FROM `qipin_enterprise` WHERE (  e_name like '%%' ) LIMIT 1   [ RunTime:0.0000s ]
SQL: SELECT * FROM `qipin_enterprise` WHERE (  e_name like '%%' ) ORDER BY e_id desc  LIMIT 0,2   [ RunTime:0.0100s ]
NOTIC: [8] Undefined variable: keyword D:\WWW\php10\text\Admin\Home\Controller\EnterpriseController.class.php 第 32 行.
INFO: [ view_parse ] --START--
INFO: [ template_filter ] --START--
INFO: Run Behavior\ContentReplaceBehavior [ RunTime:0.000000s ]
INFO: [ template_filter ] --END-- [ RunTime:0.000000s ]
INFO: Run Behavior\ParseTemplateBehavior [ RunTime:0.010000s ]
INFO: [ view_parse ] --END-- [ RunTime:0.010000s ]
INFO: [ view_filter ] --START--
INFO: Run Behavior\WriteHtmlCacheBehavior [ RunTime:0.000000s ]
INFO: [ view_filter ] --END-- [ RunTime:0.000000s ]
INFO: [ app_end ] --START--
INFO: Run Behavior\ShowPageTraceBehavior [ RunTime:0.000000s ]
INFO: [ app_end ] --END-- [ RunTime:0.000000s ]

[ 2016-05-22T13:51:56+08:00 ] 127.0.0.1 /php10/text/admin.php/Home/Enterprise/index?keyword=
INFO: [ app_init ] --START--
INFO: Run Behavior\BuildLiteBehavior [ RunTime:0.000000s ]
INFO: [ app_init ] --END-- [ RunTime:0.000000s ]
INFO: [ app_begin ] --START--
INFO: Run Behavior\ReadHtmlCacheBehavior [ RunTime:0.000000s ]
INFO: [ app_begin ] --END-- [ RunTime:0.000000s ]
SQL: SHOW COLUMNS FROM `qipin_enterprise` [ RunTime:0.0100s ]
NOTIC: [8] Undefined variable: keyword D:\WWW\php10\text\Admin\Home\Controller\EnterpriseController.class.php 第 15 行.
SQL: SELECT COUNT(*) AS tp_count FROM `qipin_enterprise` WHERE (  e_name like '%%' ) LIMIT 1   [ RunTime:0.0000s ]
SQL: SELECT * FROM `qipin_enterprise` WHERE (  e_name like '%%' ) ORDER BY e_id desc  LIMIT 0,2   [ RunTime:0.0000s ]
NOTIC: [8] Undefined variable: keyword D:\WWW\php10\text\Admin\Home\Controller\EnterpriseController.class.php 第 32 行.
INFO: [ view_parse ] --START--
INFO: [ template_filter ] --START--
INFO: Run Behavior\ContentReplaceBehavior [ RunTime:0.000000s ]
INFO: [ template_filter ] --END-- [ RunTime:0.000000s ]
INFO: Run Behavior\ParseTemplateBehavior [ RunTime:0.010000s ]
INFO: [ view_parse ] --END-- [ RunTime:0.010000s ]
INFO: [ view_filter ] --START--
INFO: Run Behavior\WriteHtmlCacheBehavior [ RunTime:0.000000s ]
INFO: [ view_filter ] --END-- [ RunTime:0.000000s ]
INFO: [ app_end ] --START--
INFO: Run Behavior\ShowPageTraceBehavior [ RunTime:0.000000s ]
INFO: [ app_end ] --END-- [ RunTime:0.000000s ]

[ 2016-05-22T13:52:00+08:00 ] 127.0.0.1 /php10/text/admin.php/Home/Enterprise/index?keyword=
INFO: [ app_init ] --START--
INFO: Run Behavior\BuildLiteBehavior [ RunTime:0.000000s ]
INFO: [ app_init ] --END-- [ RunTime:0.000000s ]
INFO: [ app_begin ] --START--
INFO: Run Behavior\ReadHtmlCacheBehavior [ RunTime:0.000000s ]
INFO: [ app_begin ] --END-- [ RunTime:0.000000s ]
SQL: SHOW COLUMNS FROM `qipin_enterprise` [ RunTime:0.0100s ]
NOTIC: [8] Undefined variable: keyword D:\WWW\php10\text\Admin\Home\Controller\EnterpriseController.class.php 第 15 行.
SQL: SELECT COUNT(*) AS tp_count FROM `qipin_enterprise` WHERE (  e_name like '%%' ) LIMIT 1   [ RunTime:0.0000s ]
SQL: SELECT * FROM `qipin_enterprise` WHERE (  e_name like '%%' ) ORDER BY e_id desc  LIMIT 0,2   [ RunTime:0.0000s ]
NOTIC: [8] Undefined variable: keyword D:\WWW\php10\text\Admin\Home\Controller\EnterpriseController.class.php 第 32 行.
INFO: [ view_parse ] --START--
INFO: [ template_filter ] --START--
INFO: Run Behavior\ContentReplaceBehavior [ RunTime:0.000000s ]
INFO: [ template_filter ] --END-- [ RunTime:0.000000s ]
INFO: Run Behavior\ParseTemplateBehavior [ RunTime:0.020000s ]
INFO: [ view_parse ] --END-- [ RunTime:0.020000s ]
INFO: [ view_filter ] --START--
INFO: Run Behavior\WriteHtmlCacheBehavior [ RunTime:0.000000s ]
INFO: [ view_filter ] --END-- [ RunTime:0.000000s ]
INFO: [ app_end ] --START--
INFO: Run Behavior\ShowPageTraceBehavior [ RunTime:0.000000s ]
INFO: [ app_end ] --END-- [ RunTime:0.000000s ]

[ 2016-05-22T13:52:07+08:00 ] 127.0.0.1 /php10/text/admin.php/Home/Enterprise/index?keyword=%E8%81%94
INFO: [ app_init ] --START--
INFO: Run Behavior\BuildLiteBehavior [ RunTime:0.000000s ]
INFO: [ app_init ] --END-- [ RunTime:0.000000s ]
INFO: [ app_begin ] --START--
INFO: Run Behavior\ReadHtmlCacheBehavior [ RunTime:0.000000s ]
INFO: [ app_begin ] --END-- [ RunTime:0.000000s ]
SQL: SHOW COLUMNS FROM `qipin_enterprise` [ RunTime:0.0100s ]
NOTIC: [8] Undefined variable: keyword D:\WWW\php10\text\Admin\Home\Controller\EnterpriseController.class.php 第 15 行.
SQL: SELECT COUNT(*) AS tp_count FROM `qipin_enterprise` WHERE (  e_name like '%%' ) LIMIT 1   [ RunTime:0.0000s ]
SQL: SELECT * FROM `qipin_enterprise` WHERE (  e_name like '%%' ) ORDER BY e_id desc  LIMIT 0,2   [ RunTime:0.0100s ]
NOTIC: [8] Undefined variable: keyword D:\WWW\php10\text\Admin\Home\Controller\EnterpriseController.class.php 第 32 行.
INFO: [ view_parse ] --START--
INFO: [ template_filter ] --START--
INFO: Run Behavior\ContentReplaceBehavior [ RunTime:0.000000s ]
INFO: [ template_filter ] --END-- [ RunTime:0.000000s ]
INFO: Run Behavior\ParseTemplateBehavior [ RunTime:0.010000s ]
INFO: [ view_parse ] --END-- [ RunTime:0.010000s ]
INFO: [ view_filter ] --START--
INFO: Run Behavior\WriteHtmlCacheBehavior [ RunTime:0.000000s ]
INFO: [ view_filter ] --END-- [ RunTime:0.000000s ]
INFO: [ app_end ] --START--
INFO: Run Behavior\ShowPageTraceBehavior [ RunTime:0.000000s ]
INFO: [ app_end ] --END-- [ RunTime:0.000000s ]

[ 2016-05-22T13:53:00+08:00 ] 127.0.0.1 /php10/text/admin.php/Home/Enterprise/index?keyword=%E8%81%94
INFO: [ app_init ] --START--
INFO: Run Behavior\BuildLiteBehavior [ RunTime:0.000000s ]
INFO: [ app_init ] --END-- [ RunTime:0.000000s ]
INFO: [ app_begin ] --START--
INFO: Run Behavior\ReadHtmlCacheBehavior [ RunTime:0.000000s ]
INFO: [ app_begin ] --END-- [ RunTime:0.000000s ]
SQL: SHOW COLUMNS FROM `qipin_enterprise` [ RunTime:0.0100s ]
SQL: SELECT COUNT(*) AS tp_count FROM `qipin_enterprise` WHERE ( e_id > 0 ) LIMIT 1   [ RunTime:0.0000s ]
SQL: SELECT * FROM `qipin_enterprise` WHERE ( e_id > 0 ) ORDER BY e_id desc  LIMIT 0,2   [ RunTime:0.0000s ]
NOTIC: [8] Undefined variable: keyword D:\WWW\php10\text\Admin\Home\Controller\EnterpriseController.class.php 第 33 行.
INFO: [ view_parse ] --START--
INFO: [ template_filter ] --START--
INFO: Run Behavior\ContentReplaceBehavior [ RunTime:0.000000s ]
INFO: [ template_filter ] --END-- [ RunTime:0.000000s ]
INFO: Run Behavior\ParseTemplateBehavior [ RunTime:0.020000s ]
INFO: [ view_parse ] --END-- [ RunTime:0.020000s ]
INFO: [ view_filter ] --START--
INFO: Run Behavior\WriteHtmlCacheBehavior [ RunTime:0.000000s ]
INFO: [ view_filter ] --END-- [ RunTime:0.000000s ]
INFO: [ app_end ] --START--
INFO: Run Behavior\ShowPageTraceBehavior [ RunTime:0.000000s ]
INFO: [ app_end ] --END-- [ RunTime:0.000000s ]

[ 2016-05-22T13:53:03+08:00 ] 127.0.0.1 /php10/text/admin.php/Home/Enterprise/index?keyword=%E8%81%94
INFO: [ app_init ] --START--
INFO: Run Behavior\BuildLiteBehavior [ RunTime:0.000000s ]
INFO: [ app_init ] --END-- [ RunTime:0.000000s ]
INFO: [ app_begin ] --START--
INFO: Run Behavior\ReadHtmlCacheBehavior [ RunTime:0.000000s ]
INFO: [ app_begin ] --END-- [ RunTime:0.000000s ]
SQL: SHOW COLUMNS FROM `qipin_enterprise` [ RunTime:0.0090s ]
SQL: SELECT COUNT(*) AS tp_count FROM `qipin_enterprise` WHERE ( e_id > 0 ) LIMIT 1   [ RunTime:0.0020s ]
SQL: SELECT * FROM `qipin_enterprise` WHERE ( e_id > 0 ) ORDER BY e_id desc  LIMIT 0,2   [ RunTime:0.0010s ]
NOTIC: [8] Undefined variable: keyword D:\WWW\php10\text\Admin\Home\Controller\EnterpriseController.class.php 第 33 行.
INFO: [ view_parse ] --START--
INFO: [ template_filter ] --START--
INFO: Run Behavior\ContentReplaceBehavior [ RunTime:0.000000s ]
INFO: [ template_filter ] --END-- [ RunTime:0.000000s ]
INFO: Run Behavior\ParseTemplateBehavior [ RunTime:0.009000s ]
INFO: [ view_parse ] --END-- [ RunTime:0.009000s ]
INFO: [ view_filter ] --START--
INFO: Run Behavior\WriteHtmlCacheBehavior [ RunTime:0.000000s ]
INFO: [ view_filter ] --END-- [ RunTime:0.000000s ]
INFO: [ app_end ] --START--
INFO: Run Behavior\ShowPageTraceBehavior [ RunTime:0.001000s ]
INFO: [ app_end ] --END-- [ RunTime:0.001000s ]

[ 2016-05-22T13:53:05+08:00 ] 127.0.0.1 /php10/text/admin.php/Home/Enterprise/index?keyword=
INFO: [ app_init ] --START--
INFO: Run Behavior\BuildLiteBehavior [ RunTime:0.000000s ]
INFO: [ app_init ] --END-- [ RunTime:0.000000s ]
INFO: [ app_begin ] --START--
INFO: Run Behavior\ReadHtmlCacheBehavior [ RunTime:0.000000s ]
INFO: [ app_begin ] --END-- [ RunTime:0.000000s ]
SQL: SHOW COLUMNS FROM `qipin_enterprise` [ RunTime:0.0100s ]
SQL: SELECT COUNT(*) AS tp_count FROM `qipin_enterprise` WHERE ( e_id > 0 ) LIMIT 1   [ RunTime:0.0000s ]
SQL: SELECT * FROM `qipin_enterprise` WHERE ( e_id > 0 ) ORDER BY e_id desc  LIMIT 0,2   [ RunTime:0.0100s ]
NOTIC: [8] Undefined variable: keyword D:\WWW\php10\text\Admin\Home\Controller\EnterpriseController.class.php 第 33 行.
INFO: [ view_parse ] --START--
INFO: [ template_filter ] --START--
INFO: Run Behavior\ContentReplaceBehavior [ RunTime:0.010000s ]
INFO: [ template_filter ] --END-- [ RunTime:0.010000s ]
INFO: Run Behavior\ParseTemplateBehavior [ RunTime:0.010000s ]
INFO: [ view_parse ] --END-- [ RunTime:0.010000s ]
INFO: [ view_filter ] --START--
INFO: Run Behavior\WriteHtmlCacheBehavior [ RunTime:0.000000s ]
INFO: [ view_filter ] --END-- [ RunTime:0.000000s ]
INFO: [ app_end ] --START--
INFO: Run Behavior\ShowPageTraceBehavior [ RunTime:0.000000s ]
INFO: [ app_end ] --END-- [ RunTime:0.000000s ]

[ 2016-05-22T13:53:11+08:00 ] 127.0.0.1 /php10/text/admin.php/Home/Enterprise/index?keyword=%E8%81%94%E6%83%B3
INFO: [ app_init ] --START--
INFO: Run Behavior\BuildLiteBehavior [ RunTime:0.000000s ]
INFO: [ app_init ] --END-- [ RunTime:0.000000s ]
INFO: [ app_begin ] --START--
INFO: Run Behavior\ReadHtmlCacheBehavior [ RunTime:0.000000s ]
INFO: [ app_begin ] --END-- [ RunTime:0.000000s ]
SQL: SHOW COLUMNS FROM `qipin_enterprise` [ RunTime:0.0200s ]
SQL: SELECT COUNT(*) AS tp_count FROM `qipin_enterprise` WHERE ( e_id > 0 ) LIMIT 1   [ RunTime:0.0000s ]
SQL: SELECT * FROM `qipin_enterprise` WHERE ( e_id > 0 ) ORDER BY e_id desc  LIMIT 0,2   [ RunTime:0.0000s ]
NOTIC: [8] Undefined variable: keyword D:\WWW\php10\text\Admin\Home\Controller\EnterpriseController.class.php 第 33 行.
INFO: [ view_parse ] --START--
INFO: [ template_filter ] --START--
INFO: Run Behavior\ContentReplaceBehavior [ RunTime:0.000000s ]
INFO: [ template_filter ] --END-- [ RunTime:0.000000s ]
INFO: Run Behavior\ParseTemplateBehavior [ RunTime:0.010000s ]
INFO: [ view_parse ] --END-- [ RunTime:0.010000s ]
INFO: [ view_filter ] --START--
INFO: Run Behavior\WriteHtmlCacheBehavior [ RunTime:0.000000s ]
INFO: [ view_filter ] --END-- [ RunTime:0.000000s ]
INFO: [ app_end ] --START--
INFO: Run Behavior\ShowPageTraceBehavior [ RunTime:0.010000s ]
INFO: [ app_end ] --END-- [ RunTime:0.010000s ]

[ 2016-05-22T13:53:43+08:00 ] 127.0.0.1 /php10/text/admin.php/Home/Enterprise/index?keyword=%E8%81%94%E6%83%B3
INFO: [ app_init ] --START--
INFO: Run Behavior\BuildLiteBehavior [ RunTime:0.000000s ]
INFO: [ app_init ] --END-- [ RunTime:0.000000s ]
INFO: [ app_begin ] --START--
INFO: Run Behavior\ReadHtmlCacheBehavior [ RunTime:0.000000s ]
INFO: [ app_begin ] --END-- [ RunTime:0.000000s ]
SQL: SHOW COLUMNS FROM `qipin_enterprise` [ RunTime:0.0100s ]
SQL: SELECT COUNT(*) AS tp_count FROM `qipin_enterprise` WHERE ( e_id > 0 ) LIMIT 1   [ RunTime:0.0000s ]
SQL: SELECT * FROM `qipin_enterprise` WHERE ( e_id > 0 ) ORDER BY e_id desc  LIMIT 0,2   [ RunTime:0.0000s ]

[ 2016-05-22T13:54:19+08:00 ] 127.0.0.1 /php10/text/admin.php/Home/Enterprise/index?keyword=%E8%81%94%E6%83%B3
INFO: [ app_init ] --START--
INFO: Run Behavior\BuildLiteBehavior [ RunTime:0.000000s ]
INFO: [ app_init ] --END-- [ RunTime:0.000000s ]
INFO: [ app_begin ] --START--
INFO: Run Behavior\ReadHtmlCacheBehavior [ RunTime:0.000000s ]
INFO: [ app_begin ] --END-- [ RunTime:0.000000s ]
SQL: SHOW COLUMNS FROM `qipin_enterprise` [ RunTime:0.0200s ]
SQL: SELECT COUNT(*) AS tp_count FROM `qipin_enterprise` WHERE (  e_name like '%联想%' ) LIMIT 1   [ RunTime:0.0000s ]
SQL: SELECT * FROM `qipin_enterprise` WHERE (  e_name like '%联想%' ) ORDER BY e_id desc  LIMIT 0,2   [ RunTime:0.0000s ]
NOTIC: [8] Undefined index: r_name D:\WWW\php10\text\Admin\Home\Controller\EnterpriseController.class.php 第 29 行.
INFO: [ view_parse ] --START--
INFO: [ template_filter ] --START--
INFO: Run Behavior\ContentReplaceBehavior [ RunTime:0.000000s ]
INFO: [ template_filter ] --END-- [ RunTime:0.000000s ]
INFO: Run Behavior\ParseTemplateBehavior [ RunTime:0.010000s ]
INFO: [ view_parse ] --END-- [ RunTime:0.010000s ]
INFO: [ view_filter ] --START--
INFO: Run Behavior\WriteHtmlCacheBehavior [ RunTime:0.000000s ]
INFO: [ view_filter ] --END-- [ RunTime:0.000000s ]
INFO: [ app_end ] --START--
INFO: Run Behavior\ShowPageTraceBehavior [ RunTime:0.000000s ]
INFO: [ app_end ] --END-- [ RunTime:0.000000s ]

[ 2016-05-22T13:54:33+08:00 ] 127.0.0.1 /php10/text/admin.php/Home/Enterprise/index?keyword=%E7%99%BE%E5%BA%A6
INFO: [ app_init ] --START--
INFO: Run Behavior\BuildLiteBehavior [ RunTime:0.000000s ]
INFO: [ app_init ] --END-- [ RunTime:0.000000s ]
INFO: [ app_begin ] --START--
INFO: Run Behavior\ReadHtmlCacheBehavior [ RunTime:0.000000s ]
INFO: [ app_begin ] --END-- [ RunTime:0.000000s ]
SQL: SHOW COLUMNS FROM `qipin_enterprise` [ RunTime:0.0100s ]
SQL: SELECT COUNT(*) AS tp_count FROM `qipin_enterprise` WHERE (  e_name like '%百度%' ) LIMIT 1   [ RunTime:0.0000s ]
SQL: SELECT * FROM `qipin_enterprise` WHERE (  e_name like '%百度%' ) ORDER BY e_id desc  LIMIT 0,2   [ RunTime:0.0000s ]
NOTIC: [8] Undefined index: r_name D:\WWW\php10\text\Admin\Home\Controller\EnterpriseController.class.php 第 29 行.
INFO: [ view_parse ] --START--
INFO: [ template_filter ] --START--
INFO: Run Behavior\ContentReplaceBehavior [ RunTime:0.000000s ]
INFO: [ template_filter ] --END-- [ RunTime:0.000000s ]
INFO: Run Behavior\ParseTemplateBehavior [ RunTime:0.010000s ]
INFO: [ view_parse ] --END-- [ RunTime:0.010000s ]
INFO: [ view_filter ] --START--
INFO: Run Behavior\WriteHtmlCacheBehavior [ RunTime:0.010000s ]
INFO: [ view_filter ] --END-- [ RunTime:0.010000s ]
INFO: [ app_end ] --START--
INFO: Run Behavior\ShowPageTraceBehavior [ RunTime:0.000000s ]
INFO: [ app_end ] --END-- [ RunTime:0.000000s ]

[ 2016-05-22T13:55:06+08:00 ] 127.0.0.1 /php10/text/admin.php/Home/Enterprise/index?keyword=
INFO: [ app_init ] --START--
INFO: Run Behavior\BuildLiteBehavior [ RunTime:0.000000s ]
INFO: [ app_init ] --END-- [ RunTime:0.000000s ]
INFO: [ app_begin ] --START--
INFO: Run Behavior\ReadHtmlCacheBehavior [ RunTime:0.000000s ]
INFO: [ app_begin ] --END-- [ RunTime:0.000000s ]
SQL: SHOW COLUMNS FROM `qipin_enterprise` [ RunTime:0.0100s ]
SQL: SELECT COUNT(*) AS tp_count FROM `qipin_enterprise` WHERE (  e_name like '%%' ) LIMIT 1   [ RunTime:0.0000s ]
SQL: SELECT * FROM `qipin_enterprise` WHERE (  e_name like '%%' ) ORDER BY e_id desc  LIMIT 0,2   [ RunTime:0.0100s ]
INFO: [ view_parse ] --START--
INFO: [ template_filter ] --START--
INFO: Run Behavior\ContentReplaceBehavior [ RunTime:0.000000s ]
INFO: [ template_filter ] --END-- [ RunTime:0.000000s ]
INFO: Run Behavior\ParseTemplateBehavior [ RunTime:0.010000s ]
INFO: [ view_parse ] --END-- [ RunTime:0.010000s ]
INFO: [ view_filter ] --START--
INFO: Run Behavior\WriteHtmlCacheBehavior [ RunTime:0.000000s ]
INFO: [ view_filter ] --END-- [ RunTime:0.000000s ]
INFO: [ app_end ] --START--
INFO: Run Behavior\ShowPageTraceBehavior [ RunTime:0.000000s ]
INFO: [ app_end ] --END-- [ RunTime:0.000000s ]

[ 2016-05-22T13:58:44+08:00 ] 127.0.0.1 /php10/text/admin.php/Home/Enterprise/index?keyword=%E8%81%94
INFO: [ app_init ] --START--
INFO: Run Behavior\BuildLiteBehavior [ RunTime:0.000000s ]
INFO: [ app_init ] --END-- [ RunTime:0.000000s ]
INFO: [ app_begin ] --START--
INFO: Run Behavior\ReadHtmlCacheBehavior [ RunTime:0.000000s ]
INFO: [ app_begin ] --END-- [ RunTime:0.000000s ]
SQL: SHOW COLUMNS FROM `qipin_enterprise` [ RunTime:0.0100s ]
SQL: SELECT COUNT(*) AS tp_count FROM `qipin_enterprise` WHERE (  e_name like '%联%' ) LIMIT 1   [ RunTime:0.0100s ]
SQL: SELECT * FROM `qipin_enterprise` WHERE (  e_name like '%联%' ) ORDER BY e_id desc  LIMIT 0,2   [ RunTime:0.0000s ]
NOTIC: [8] Undefined index: r_name D:\WWW\php10\text\Admin\Home\Controller\EnterpriseController.class.php 第 29 行.
INFO: [ view_parse ] --START--
INFO: [ template_filter ] --START--
INFO: Run Behavior\ContentReplaceBehavior [ RunTime:0.000000s ]
INFO: [ template_filter ] --END-- [ RunTime:0.000000s ]
INFO: Run Behavior\ParseTemplateBehavior [ RunTime:0.020000s ]
INFO: [ view_parse ] --END-- [ RunTime:0.020000s ]
INFO: [ view_filter ] --START--
INFO: Run Behavior\WriteHtmlCacheBehavior [ RunTime:0.000000s ]
INFO: [ view_filter ] --END-- [ RunTime:0.000000s ]
INFO: [ app_end ] --START--
INFO: Run Behavior\ShowPageTraceBehavior [ RunTime:0.000000s ]
INFO: [ app_end ] --END-- [ RunTime:0.000000s ]

[ 2016-05-22T13:58:47+08:00 ] 127.0.0.1 /php10/text/admin.php/Home/Enterprise/index?keyword=%E8%81%94
INFO: [ app_init ] --START--
INFO: Run Behavior\BuildLiteBehavior [ RunTime:0.000000s ]
INFO: [ app_init ] --END-- [ RunTime:0.000000s ]
INFO: [ app_begin ] --START--
INFO: Run Behavior\ReadHtmlCacheBehavior [ RunTime:0.000000s ]
INFO: [ app_begin ] --END-- [ RunTime:0.000000s ]
SQL: SHOW COLUMNS FROM `qipin_enterprise` [ RunTime:0.0100s ]
SQL: SELECT COUNT(*) AS tp_count FROM `qipin_enterprise` WHERE (  e_name like '%联%' ) LIMIT 1   [ RunTime:0.0000s ]
SQL: SELECT * FROM `qipin_enterprise` WHERE (  e_name like '%联%' ) ORDER BY e_id desc  LIMIT 0,2   [ RunTime:0.0100s ]
NOTIC: [8] Undefined index: r_name D:\WWW\php10\text\Admin\Home\Controller\EnterpriseController.class.php 第 29 行.
INFO: [ view_parse ] --START--
INFO: [ template_filter ] --START--
INFO: Run Behavior\ContentReplaceBehavior [ RunTime:0.000000s ]
INFO: [ template_filter ] --END-- [ RunTime:0.000000s ]
INFO: Run Behavior\ParseTemplateBehavior [ RunTime:0.010000s ]
INFO: [ view_parse ] --END-- [ RunTime:0.010000s ]
INFO: [ view_filter ] --START--
INFO: Run Behavior\WriteHtmlCacheBehavior [ RunTime:0.000000s ]
INFO: [ view_filter ] --END-- [ RunTime:0.000000s ]
INFO: [ app_end ] --START--
INFO: Run Behavior\ShowPageTraceBehavior [ RunTime:0.000000s ]
INFO: [ app_end ] --END-- [ RunTime:0.000000s ]

[ 2016-05-22T13:59:28+08:00 ] 127.0.0.1 /php10/text/admin.php/Home/Enterprise/index?keyword=%E8%81%94
INFO: [ app_init ] --START--
INFO: Run Behavior\BuildLiteBehavior [ RunTime:0.000000s ]
INFO: [ app_init ] --END-- [ RunTime:0.000000s ]
INFO: [ app_begin ] --START--
INFO: Run Behavior\ReadHtmlCacheBehavior [ RunTime:0.000000s ]
INFO: [ app_begin ] --END-- [ RunTime:0.000000s ]
SQL: SHOW COLUMNS FROM `qipin_enterprise` [ RunTime:0.0200s ]
SQL: SELECT COUNT(*) AS tp_count FROM `qipin_enterprise` WHERE (  e_name like '%联%' ) LIMIT 1   [ RunTime:0.0000s ]
SQL: SELECT * FROM `qipin_enterprise` WHERE (  e_name like '%联%' ) ORDER BY e_id desc  LIMIT 0,2   [ RunTime:0.0000s ]
NOTIC: [8] Undefined index: r_name D:\WWW\php10\text\Admin\Home\Controller\EnterpriseController.class.php 第 29 行.
INFO: [ view_parse ] --START--
INFO: [ template_filter ] --START--
INFO: Run Behavior\ContentReplaceBehavior [ RunTime:0.000000s ]
INFO: [ template_filter ] --END-- [ RunTime:0.000000s ]
INFO: Run Behavior\ParseTemplateBehavior [ RunTime:0.010000s ]
INFO: [ view_parse ] --END-- [ RunTime:0.010000s ]
INFO: [ view_filter ] --START--
INFO: Run Behavior\WriteHtmlCacheBehavior [ RunTime:0.000000s ]
INFO: [ view_filter ] --END-- [ RunTime:0.000000s ]
INFO: [ app_end ] --START--
INFO: Run Behavior\ShowPageTraceBehavior [ RunTime:0.000000s ]
INFO: [ app_end ] --END-- [ RunTime:0.000000s ]

[ 2016-05-22T14:03:31+08:00 ] 127.0.0.1 /php10/text/admin.php/Home/Enterprise/index?keyword=%E8%81%94
INFO: [ app_init ] --START--
INFO: Run Behavior\BuildLiteBehavior [ RunTime:0.000000s ]
INFO: [ app_init ] --END-- [ RunTime:0.000000s ]
INFO: [ app_begin ] --START--
INFO: Run Behavior\ReadHtmlCacheBehavior [ RunTime:0.000000s ]
INFO: [ app_begin ] --END-- [ RunTime:0.000000s ]
SQL: SHOW COLUMNS FROM `qipin_enterprise` [ RunTime:0.0100s ]
SQL: SELECT COUNT(*) AS tp_count FROM `qipin_enterprise` WHERE (  e_name like '%联%' ) LIMIT 1   [ RunTime:0.0000s ]
SQL: SELECT * FROM `qipin_enterprise` WHERE (  e_name like '%联%' ) ORDER BY e_id desc  LIMIT 0,2   [ RunTime:0.0000s ]
NOTIC: [8] Undefined index: r_name D:\WWW\php10\text\Admin\Home\Controller\EnterpriseController.class.php 第 29 行.
INFO: [ view_parse ] --START--
INFO: [ template_filter ] --START--
INFO: Run Behavior\ContentReplaceBehavior [ RunTime:0.000000s ]
INFO: [ template_filter ] --END-- [ RunTime:0.000000s ]
INFO: Run Behavior\ParseTemplateBehavior [ RunTime:0.010000s ]
INFO: [ view_parse ] --END-- [ RunTime:0.010000s ]
INFO: [ view_filter ] --START--
INFO: Run Behavior\WriteHtmlCacheBehavior [ RunTime:0.000000s ]
INFO: [ view_filter ] --END-- [ RunTime:0.000000s ]
INFO: [ app_end ] --START--
INFO: Run Behavior\ShowPageTraceBehavior [ RunTime:0.000000s ]
INFO: [ app_end ] --END-- [ RunTime:0.000000s ]

[ 2016-05-22T14:03:34+08:00 ] 127.0.0.1 /php10/text/admin.php/Home/Enterprise/index?keyword=%E8%81%94
INFO: [ app_init ] --START--
INFO: Run Behavior\BuildLiteBehavior [ RunTime:0.000000s ]
INFO: [ app_init ] --END-- [ RunTime:0.010000s ]
INFO: [ app_begin ] --START--
INFO: Run Behavior\ReadHtmlCacheBehavior [ RunTime:0.000000s ]
INFO: [ app_begin ] --END-- [ RunTime:0.000000s ]
SQL: SHOW COLUMNS FROM `qipin_enterprise` [ RunTime:0.0100s ]
SQL: SELECT COUNT(*) AS tp_count FROM `qipin_enterprise` WHERE (  e_name like '%联%' ) LIMIT 1   [ RunTime:0.0000s ]
SQL: SELECT * FROM `qipin_enterprise` WHERE (  e_name like '%联%' ) ORDER BY e_id desc  LIMIT 0,2   [ RunTime:0.0000s ]
NOTIC: [8] Undefined index: r_name D:\WWW\php10\text\Admin\Home\Controller\EnterpriseController.class.php 第 29 行.
INFO: [ view_parse ] --START--
INFO: [ template_filter ] --START--
INFO: Run Behavior\ContentReplaceBehavior [ RunTime:0.000000s ]
INFO: [ template_filter ] --END-- [ RunTime:0.000000s ]
INFO: Run Behavior\ParseTemplateBehavior [ RunTime:0.010000s ]
INFO: [ view_parse ] --END-- [ RunTime:0.010000s ]
INFO: [ view_filter ] --START--
INFO: Run Behavior\WriteHtmlCacheBehavior [ RunTime:0.000000s ]
INFO: [ view_filter ] --END-- [ RunTime:0.000000s ]
INFO: [ app_end ] --START--
INFO: Run Behavior\ShowPageTraceBehavior [ RunTime:0.000000s ]
INFO: [ app_end ] --END-- [ RunTime:0.000000s ]

[ 2016-05-22T14:03:37+08:00 ] 127.0.0.1 /php10/text/admin.php/Home/Teacher/index
INFO: [ app_init ] --START--
INFO: Run Behavior\BuildLiteBehavior [ RunTime:0.000000s ]
INFO: [ app_init ] --END-- [ RunTime:0.000000s ]
INFO: [ app_begin ] --START--
INFO: Run Behavior\ReadHtmlCacheBehavior [ RunTime:0.000000s ]
INFO: [ app_begin ] --END-- [ RunTime:0.000000s ]
INFO: [ app_end ] --START--
INFO: Run Behavior\ShowPageTraceBehavior [ RunTime:0.000000s ]
INFO: [ app_end ] --END-- [ RunTime:0.000000s ]

[ 2016-05-22T14:03:39+08:00 ] 127.0.0.1 /php10/text/admin.php/Home/Enterprise/buttons.html
INFO: [ app_init ] --START--
INFO: Run Behavior\BuildLiteBehavior [ RunTime:0.000000s ]
INFO: [ app_init ] --END-- [ RunTime:0.000000s ]
INFO: [ app_begin ] --START--
INFO: Run Behavior\ReadHtmlCacheBehavior [ RunTime:0.000000s ]
INFO: [ app_begin ] --END-- [ RunTime:0.000000s ]
ERR: 非法操作:buttons

[ 2016-05-22T14:03:42+08:00 ] 127.0.0.1 /php10/text/admin.php/Home/Enterprise/treeview.html
INFO: [ app_init ] --START--
INFO: Run Behavior\BuildLiteBehavior [ RunTime:0.000000s ]
INFO: [ app_init ] --END-- [ RunTime:0.000000s ]
INFO: [ app_begin ] --START--
INFO: Run Behavior\ReadHtmlCacheBehavior [ RunTime:0.000000s ]
INFO: [ app_begin ] --END-- [ RunTime:0.000000s ]
ERR: 非法操作:treeview

[ 2016-05-22T14:03:45+08:00 ] 127.0.0.1 /php10/text/admin.php/Home/Enterprise/index
INFO: [ app_init ] --START--
INFO: Run Behavior\BuildLiteBehavior [ RunTime:0.000000s ]
INFO: [ app_init ] --END-- [ RunTime:0.000000s ]
INFO: [ app_begin ] --START--
INFO: Run Behavior\ReadHtmlCacheBehavior [ RunTime:0.000000s ]
INFO: [ app_begin ] --END-- [ RunTime:0.000000s ]
SQL: SHOW COLUMNS FROM `qipin_enterprise` [ RunTime:0.0100s ]
NOTIC: [8] Undefined index: keyword D:\WWW\php10\text\Admin\Home\Controller\EnterpriseController.class.php 第 15 行.
SQL: SELECT COUNT(*) AS tp_count FROM `qipin_enterprise` WHERE (  e_name like '%%' ) LIMIT 1   [ RunTime:0.0000s ]
SQL: SELECT * FROM `qipin_enterprise` WHERE (  e_name like '%%' ) ORDER BY e_id desc  LIMIT 0,2   [ RunTime:0.0100s ]
INFO: [ view_parse ] --START--
INFO: [ template_filter ] --START--
INFO: Run Behavior\ContentReplaceBehavior [ RunTime:0.000000s ]
INFO: [ template_filter ] --END-- [ RunTime:0.000000s ]
INFO: Run Behavior\ParseTemplateBehavior [ RunTime:0.010000s ]
INFO: [ view_parse ] --END-- [ RunTime:0.010000s ]
INFO: [ view_filter ] --START--
INFO: Run Behavior\WriteHtmlCacheBehavior [ RunTime:0.000000s ]
INFO: [ view_filter ] --END-- [ RunTime:0.000000s ]
INFO: [ app_end ] --START--
INFO: Run Behavior\ShowPageTraceBehavior [ RunTime:0.000000s ]
INFO: [ app_end ] --END-- [ RunTime:0.000000s ]

[ 2016-05-22T14:03:48+08:00 ] 127.0.0.1 /php10/text/admin.php/Home/Enterprise/jqgrid.html
INFO: [ app_init ] --START--
INFO: Run Behavior\BuildLiteBehavior [ RunTime:0.000000s ]
INFO: [ app_init ] --END-- [ RunTime:0.000000s ]
INFO: [ app_begin ] --START--
INFO: Run Behavior\ReadHtmlCacheBehavior [ RunTime:0.000000s ]
INFO: [ app_begin ] --END-- [ RunTime:0.000000s ]
ERR: 非法操作:jqgrid

[ 2016-05-22T14:03:52+08:00 ] 127.0.0.1 /php10/text/admin.php/Home/Enterprise/jqgrid.html
INFO: [ app_init ] --START--
INFO: Run Behavior\BuildLiteBehavior [ RunTime:0.000000s ]
INFO: [ app_init ] --END-- [ RunTime:0.000000s ]
INFO: [ app_begin ] --START--
INFO: Run Behavior\ReadHtmlCacheBehavior [ RunTime:0.000000s ]
INFO: [ app_begin ] --END-- [ RunTime:0.000000s ]
ERR: 非法操作:jqgrid

[ 2016-05-22T14:03:55+08:00 ] 127.0.0.1 /php10/text/admin.php/Home/Enterprise/form-elements.html
INFO: [ app_init ] --START--
INFO: Run Behavior\BuildLiteBehavior [ RunTime:0.000000s ]
INFO: [ app_init ] --END-- [ RunTime:0.000000s ]
INFO: [ app_begin ] --START--
INFO: Run Behavior\ReadHtmlCacheBehavior [ RunTime:0.000000s ]
INFO: [ app_begin ] --END-- [ RunTime:0.000000s ]
ERR: 非法操作:form-elements

[ 2016-05-22T14:03:58+08:00 ] 127.0.0.1 /php10/text/admin.php/Home/Enterprise/form-wizard.html
INFO: [ app_init ] --START--
INFO: Run Behavior\BuildLiteBehavior [ RunTime:0.000000s ]
INFO: [ app_init ] --END-- [ RunTime:0.000000s ]
INFO: [ app_begin ] --START--
INFO: Run Behavior\ReadHtmlCacheBehavior [ RunTime:0.000000s ]
INFO: [ app_begin ] --END-- [ RunTime:0.000000s ]
ERR: 非法操作:form-wizard

[ 2016-05-22T14:04:01+08:00 ] 127.0.0.1 /php10/text/admin.php/Home/resume/resume
INFO: [ app_init ] --START--
INFO: Run Behavior\BuildLiteBehavior [ RunTime:0.000000s ]
INFO: [ app_init ] --END-- [ RunTime:0.000000s ]
INFO: [ app_begin ] --START--
INFO: Run Behavior\ReadHtmlCacheBehavior [ RunTime:0.000000s ]
INFO: [ app_begin ] --END-- [ RunTime:0.000000s ]
SQL: SHOW COLUMNS FROM `qipin_resume` [ RunTime:0.0100s ]
NOTIC: [8] Undefined index: keyword D:\WWW\php10\text\Admin\Home\Controller\ResumeController.class.php 第 8 行.
SQL: SELECT COUNT(*) AS tp_count FROM `qipin_resume` WHERE ( r_id > 0 ) LIMIT 1   [ RunTime:0.0000s ]
SQL: SELECT * FROM `qipin_resume` WHERE ( r_id > 0 ) ORDER BY r_id desc  LIMIT 0,2   [ RunTime:0.0000s ]
INFO: [ view_parse ] --START--
INFO: [ template_filter ] --START--
INFO: Run Behavior\ContentReplaceBehavior [ RunTime:0.000000s ]
INFO: [ template_filter ] --END-- [ RunTime:0.000000s ]
INFO: Run Behavior\ParseTemplateBehavior [ RunTime:0.010000s ]
INFO: [ view_parse ] --END-- [ RunTime:0.010000s ]
INFO: [ view_filter ] --START--
INFO: Run Behavior\WriteHtmlCacheBehavior [ RunTime:0.010000s ]
INFO: [ view_filter ] --END-- [ RunTime:0.010000s ]
INFO: [ app_end ] --START--
INFO: Run Behavior\ShowPageTraceBehavior [ RunTime:0.000000s ]
INFO: [ app_end ] --END-- [ RunTime:0.000000s ]

